<?xml version="1.0" encoding="UTF-8"?>
<testsuite xmlns:xsi="http://www.w3.org/2001/XMLSchema-instance" xsi:schemaLocation="https://maven.apache.org/surefire/maven-surefire-plugin/xsd/surefire-test-report.xsd" name="net.training_bdd.RunnerTest" time="4.806" tests="4" errors="0" skipped="0" failures="0">
  <properties>
[...]
</properties>
  <testcase name="Given the user is on the Google home page" classname="Scenario: Make a Google search" time="0.002"/>
  <testcase name="When the user performs a search for &apos;Cucumber BDD&apos;" classname="Scenario: Make a Google search" time="0"/>
  <testcase name="Then they should see that the search was performed" classname="Scenario: Make a Google search" time="0"/>
  <testcase name="Scenario: Make a Google search" classname="Scenario: Make a Google search" time="0"/>
</testsuite>